18:59:08.942 [nodeCmd] serve -> INFO 001[0m Running in chaincode development mode
18:59:08.943 [nodeCmd] serve -> INFO 002[0m Set consensus to NOOPS and user starts chaincode
18:59:08.943 [nodeCmd] serve -> INFO 003[0m Disable loading validity system chaincode
18:59:08.949 [eventhub_producer] start -> INFO 004[0m event processor started
18:59:08.950 [nodeCmd] serve -> INFO 005[0m Security enabled status: false
18:59:08.950 [nodeCmd] serve -> INFO 006[0m Privacy enabled status: false
18:59:08.992 [db] open -> INFO 007[0m Setting rocksdb maxLogFileSize to 10485760
18:59:08.996 [db] open -> INFO 008[0m Setting rocksdb keepLogFileNum to 10
18:59:09.126 [chaincode] NewChaincodeSupport -> INFO 009[0m Chaincode support using peerAddress: 0.0.0.0:7051
18:59:09.131 [sysccapi] RegisterSysCC -> INFO 00a[0m system chaincode (noop,github.com/hyperledger/fabric/bddtests/syschaincode/noop) disabled
18:59:09.173 [state] loadConfig -> INFO 00b[0m Loading configurations...
18:59:09.174 [state] loadConfig -> INFO 00c[0m Configurations loaded. stateImplName=[buckettree], stateImplConfigs=map[bucketCacheSize:100 numBuckets:1000003 maxGroupingAtEachLevel:5], deltaHistorySize=[500]
18:59:09.174 [state] NewState -> INFO 00d[0m Initializing state implementation [buckettree]
18:59:09.175 [buckettree] initConfig -> INFO 00e[0m configs passed during initialization = map[string]interface {}{"numBuckets":1000003, "maxGroupingAtEachLevel":5, "bucketCacheSize":100}
18:59:09.176 [buckettree] initConfig -> INFO 00f[0m Initializing bucket tree state implemetation with configurations &{maxGroupingAtEachLevel:5 lowestLevel:9 levelToNumBucketsMap:map[3:65 1:3 0:1 2:13 7:40001 6:8001 4:321 9:1000003 8:200001 5:1601] hashFunc:0xab12e0}
18:59:09.177 [buckettree] newBucketCache -> INFO 010[0m Constructing bucket-cache with max bucket cache size = [100] MBs
18:59:09.178 [buckettree] loadAllBucketNodesFromDB -> INFO 011[0m Loaded buckets data in cache. Total buckets in DB = [0]. Total cache size:=0
18:59:09.182 [consensus/controller] NewConsenter -> INFO 012[0m Creating default consensus plugin (noops)
18:59:09.186 [consensus/noops] newNoops -> INFO 013[0m NOOPS consensus type = *noops.Noops
18:59:09.187 [consensus/noops] newNoops -> INFO 014[0m NOOPS block size = 500
18:59:09.187 [consensus/noops] newNoops -> INFO 015[0m NOOPS block wait = 1s
18:59:09.199 [nodeCmd] serve -> INFO 016[0m Starting peer with ID=name:"jdoe" , network ID=dev, address=0.0.0.0:7051, rootnodes=, validator=true
18:59:09.201 [consensus/statetransfer] blockThread -> INFO 017[0m Validated blockchain to the genesis block
18:59:09.202 [rest] StartOpenchainRESTServer -> INFO 018[0m Initializing the REST service on 0.0.0.0:7050, TLS is disabled.
